<?xml version="1.0" encoding="UTF-8"?>
<testng-results ignored="0" total="1" passed="1" failed="0" skipped="0">
  <reporter-output>
  </reporter-output>
  <suite started-at="2023-12-16T16:04:20 IST" name="Default suite" finished-at="2023-12-16T16:04:34 IST" duration-ms="14466">
    <groups>
    </groups>
    <test started-at="2023-12-16T16:04:20 IST" name="Default test" finished-at="2023-12-16T16:04:34 IST" duration-ms="14466">
      <class name="demo_Module.DemoClassTest">
        <test-method is-config="true" signature="bsConfig()[pri:0, instance:demo_Module.DemoClassTest@563f38c4]" started-at="2023-12-16T16:04:19 IST" name="bsConfig" finished-at="2023-12-16T16:04:20 IST" duration-ms="336" status="PASS">
          <reporter-output>
          </reporter-output>
        </test-method> <!-- bsConfig -->
        <test-method is-config="true" signature="bcConfig()[pri:0, instance:demo_Module.DemoClassTest@563f38c4]" started-at="2023-12-16T16:04:20 IST" name="bcConfig" finished-at="2023-12-16T16:04:24 IST" duration-ms="3961" status="PASS">
          <reporter-output>
          </reporter-output>
        </test-method> <!-- bcConfig -->
        <test-method is-config="true" signature="bmConfig()[pri:0, instance:demo_Module.DemoClassTest@563f38c4]" started-at="2023-12-16T16:04:24 IST" name="bmConfig" finished-at="2023-12-16T16:04:28 IST" duration-ms="3969" status="PASS">
          <reporter-output>
          </reporter-output>
        </test-method> <!-- bmConfig -->
        <test-method signature="demoTest()[pri:0, instance:demo_Module.DemoClassTest@563f38c4]" started-at="2023-12-16T16:04:28 IST" name="demoTest" finished-at="2023-12-16T16:04:28 IST" duration-ms="159" status="PASS">
          <reporter-output>
          </reporter-output>
        </test-method> <!-- demoTest -->
        <test-method is-config="true" signature="amConfig()[pri:0, instance:demo_Module.DemoClassTest@563f38c4]" started-at="2023-12-16T16:04:28 IST" name="amConfig" finished-at="2023-12-16T16:04:34 IST" duration-ms="5656" status="PASS">
          <reporter-output>
          </reporter-output>
        </test-method> <!-- amConfig -->
        <test-method is-config="true" signature="acConfig()[pri:0, instance:demo_Module.DemoClassTest@563f38c4]" started-at="2023-12-16T16:04:34 IST" name="acConfig" finished-at="2023-12-16T16:04:34 IST" duration-ms="669" status="PASS">
          <reporter-output>
          </reporter-output>
        </test-method> <!-- acConfig -->
        <test-method is-config="true" signature="asConfig()[pri:0, instance:demo_Module.DemoClassTest@563f38c4]" started-at="2023-12-16T16:04:34 IST" name="asConfig" finished-at="2023-12-16T16:04:34 IST" duration-ms="15" status="PASS">
          <reporter-output>
          </reporter-output>
        </test-method> <!-- asConfig -->
      </class> <!-- demo_Module.DemoClassTest -->
    </test> <!-- Default test -->
  </suite> <!-- Default suite -->
</testng-results>
