<?xml version="1.0" encoding="UTF-8"?>
<testng-results ignored="4" total="7" passed="3" failed="0" skipped="0">
  <reporter-output>
  </reporter-output>
  <suite started-at="2023-12-23T08:19:14Z" name="Surefire suite" finished-at="2023-12-23T08:19:50Z" duration-ms="35811">
    <groups>
    </groups>
    <test started-at="2023-12-23T08:19:14Z" name="Surefire test" finished-at="2023-12-23T08:19:50Z" duration-ms="35811">
      <class name="opportunity_Module.ToCreateOpportunityTest">
        <test-method is-config="true" signature="bcConfig()[pri:0, instance:opportunity_Module.ToCreateOpportunityTest@3b69e7d1]" started-at="2023-12-23T08:19:31Z" name="bcConfig" finished-at="2023-12-23T08:19:32Z" duration-ms="1710" status="PASS">
          <reporter-output>
          </reporter-output>
        </test-method> <!-- bcConfig -->
        <test-method is-config="true" signature="bmConfig()[pri:0, instance:opportunity_Module.ToCreateOpportunityTest@3b69e7d1]" started-at="2023-12-23T08:19:32Z" name="bmConfig" finished-at="2023-12-23T08:19:34Z" duration-ms="1630" status="PASS">
          <reporter-output>
          </reporter-output>
        </test-method> <!-- bmConfig -->
        <test-method signature="ToCreateOpportunityWithOrganizationAndCampaignDetailsAndVerifyOpportunityTest()[pri:0, instance:opportunity_Module.ToCreateOpportunityTest@3b69e7d1]" started-at="2023-12-23T08:19:34Z" name="ToCreateOpportunityWithOrganizationAndCampaignDetailsAndVerifyOpportunityTest" finished-at="2023-12-23T08:19:48Z" duration-ms="14291" status="PASS">
          <reporter-output>
          </reporter-output>
        </test-method> <!-- ToCreateOpportunityWithOrganizationAndCampaignDetailsAndVerifyOpportunityTest -->
        <test-method is-config="true" signature="amConfig()[pri:0, instance:opportunity_Module.ToCreateOpportunityTest@3b69e7d1]" started-at="2023-12-23T08:19:48Z" name="amConfig" finished-at="2023-12-23T08:19:49Z" duration-ms="1000" status="PASS">
          <reporter-output>
          </reporter-output>
        </test-method> <!-- amConfig -->
        <test-method is-config="true" signature="acConfig()[pri:0, instance:opportunity_Module.ToCreateOpportunityTest@3b69e7d1]" started-at="2023-12-23T08:19:49Z" name="acConfig" finished-at="2023-12-23T08:19:50Z" duration-ms="285" status="PASS">
          <reporter-output>
          </reporter-output>
        </test-method> <!-- acConfig -->
      </class> <!-- opportunity_Module.ToCreateOpportunityTest -->
      <class name="demo_Module.DemoClassTest">
        <test-method is-config="true" signature="bsConfig()[pri:0, instance:demo_Module.DemoClassTest@4c12331b]" started-at="2023-12-23T08:19:14Z" name="bsConfig" finished-at="2023-12-23T08:19:14Z" duration-ms="186" status="PASS">
          <reporter-output>
          </reporter-output>
        </test-method> <!-- bsConfig -->
        <test-method is-config="true" signature="bcConfig()[pri:0, instance:demo_Module.DemoClassTest@4c12331b]" started-at="2023-12-23T08:19:14Z" name="bcConfig" finished-at="2023-12-23T08:19:16Z" duration-ms="2262" status="PASS">
          <reporter-output>
          </reporter-output>
        </test-method> <!-- bcConfig -->
        <test-method is-config="true" signature="bmConfig()[pri:0, instance:demo_Module.DemoClassTest@4c12331b]" started-at="2023-12-23T08:19:16Z" name="bmConfig" finished-at="2023-12-23T08:19:18Z" duration-ms="1828" status="PASS">
          <reporter-output>
          </reporter-output>
        </test-method> <!-- bmConfig -->
        <test-method signature="demoTest()[pri:0, instance:demo_Module.DemoClassTest@4c12331b]" started-at="2023-12-23T08:19:18Z" name="demoTest" finished-at="2023-12-23T08:19:18Z" duration-ms="27" status="PASS">
          <reporter-output>
          </reporter-output>
        </test-method> <!-- demoTest -->
        <test-method is-config="true" signature="amConfig()[pri:0, instance:demo_Module.DemoClassTest@4c12331b]" started-at="2023-12-23T08:19:18Z" name="amConfig" finished-at="2023-12-23T08:19:20Z" duration-ms="1995" status="PASS">
          <reporter-output>
          </reporter-output>
        </test-method> <!-- amConfig -->
        <test-method is-config="true" signature="acConfig()[pri:0, instance:demo_Module.DemoClassTest@4c12331b]" started-at="2023-12-23T08:19:20Z" name="acConfig" finished-at="2023-12-23T08:19:20Z" duration-ms="225" status="PASS">
          <reporter-output>
          </reporter-output>
        </test-method> <!-- acConfig -->
        <test-method is-config="true" signature="asConfig()[pri:0, instance:demo_Module.DemoClassTest@4c12331b]" started-at="2023-12-23T08:19:50Z" name="asConfig" finished-at="2023-12-23T08:19:50Z" duration-ms="16" status="PASS">
          <reporter-output>
          </reporter-output>
        </test-method> <!-- asConfig -->
      </class> <!-- demo_Module.DemoClassTest -->
      <class name="lead_Module.CreateLeadTest">
        <test-method is-config="true" signature="bcConfig()[pri:0, instance:lead_Module.CreateLeadTest@7586beff]" started-at="2023-12-23T08:19:20Z" name="bcConfig" finished-at="2023-12-23T08:19:22Z" duration-ms="1640" status="PASS">
          <reporter-output>
          </reporter-output>
        </test-method> <!-- bcConfig -->
        <test-method is-config="true" signature="bmConfig()[pri:0, instance:lead_Module.CreateLeadTest@7586beff]" started-at="2023-12-23T08:19:22Z" name="bmConfig" finished-at="2023-12-23T08:19:24Z" duration-ms="1632" status="PASS">
          <reporter-output>
          </reporter-output>
        </test-method> <!-- bmConfig -->
        <test-method signature="createLeadAndVerifyLeadInformationTest()[pri:0, instance:lead_Module.CreateLeadTest@7586beff]" started-at="2023-12-23T08:19:24Z" name="createLeadAndVerifyLeadInformationTest" finished-at="2023-12-23T08:19:29Z" duration-ms="5862" status="PASS">
          <reporter-output>
          </reporter-output>
        </test-method> <!-- createLeadAndVerifyLeadInformationTest -->
        <test-method is-config="true" signature="amConfig()[pri:0, instance:lead_Module.CreateLeadTest@7586beff]" started-at="2023-12-23T08:19:29Z" name="amConfig" finished-at="2023-12-23T08:19:31Z" duration-ms="1014" status="PASS">
          <reporter-output>
          </reporter-output>
        </test-method> <!-- amConfig -->
        <test-method is-config="true" signature="acConfig()[pri:0, instance:lead_Module.CreateLeadTest@7586beff]" started-at="2023-12-23T08:19:31Z" name="acConfig" finished-at="2023-12-23T08:19:31Z" duration-ms="241" status="PASS">
          <reporter-output>
          </reporter-output>
        </test-method> <!-- acConfig -->
      </class> <!-- lead_Module.CreateLeadTest -->
    </test> <!-- Surefire test -->
  </suite> <!-- Surefire suite -->
</testng-results>
