<?xml version="1.0" encoding="UTF-8"?>
<testng-results ignored="3" total="4" passed="1" failed="0" skipped="0">
  <reporter-output>
  </reporter-output>
  <suite started-at="2023-12-30T08:19:52Z" name="Suite" finished-at="2023-12-30T08:20:17Z" duration-ms="25008">
    <groups>
      <group name="smoke">
        <method signature="CreateLeadTest.createLeadAndVerifyLeadInformationTest()[pri:0, instance:lead_Module.CreateLeadTest@2d778add]" name="createLeadAndVerifyLeadInformationTest" class="lead_Module.CreateLeadTest"/>
      </group> <!-- smoke -->
    </groups>
    <test started-at="2023-12-30T08:19:52Z" name="Test" finished-at="2023-12-30T08:20:17Z" duration-ms="25008">
      <class name="opportunity_Module.ToCreateOpportunityTest">
        <test-method is-config="true" signature="bsConfig()[pri:0, instance:opportunity_Module.ToCreateOpportunityTest@20ca951f]" started-at="2023-12-30T08:19:51Z" name="bsConfig" finished-at="2023-12-30T08:19:52Z" duration-ms="458" status="PASS">
          <reporter-output>
          </reporter-output>
        </test-method> <!-- bsConfig -->
        <test-method is-config="true" signature="asConfig()[pri:0, instance:opportunity_Module.ToCreateOpportunityTest@20ca951f]" started-at="2023-12-30T08:20:17Z" name="asConfig" finished-at="2023-12-30T08:20:17Z" duration-ms="16" status="PASS">
          <reporter-output>
          </reporter-output>
        </test-method> <!-- asConfig -->
      </class> <!-- opportunity_Module.ToCreateOpportunityTest -->
      <class name="lead_Module.CreateLeadTest">
        <test-method is-config="true" signature="bcConfig()[pri:0, instance:lead_Module.CreateLeadTest@2d778add]" started-at="2023-12-30T08:19:52Z" name="bcConfig" finished-at="2023-12-30T08:19:56Z" duration-ms="3837" status="PASS">
          <reporter-output>
          </reporter-output>
        </test-method> <!-- bcConfig -->
        <test-method is-config="true" signature="bmConfig()[pri:0, instance:lead_Module.CreateLeadTest@2d778add]" started-at="2023-12-30T08:19:56Z" name="bmConfig" finished-at="2023-12-30T08:20:00Z" duration-ms="3879" status="PASS">
          <reporter-output>
          </reporter-output>
        </test-method> <!-- bmConfig -->
        <test-method signature="createLeadAndVerifyLeadInformationTest()[pri:0, instance:lead_Module.CreateLeadTest@2d778add]" started-at="2023-12-30T08:20:00Z" name="createLeadAndVerifyLeadInformationTest" finished-at="2023-12-30T08:20:14Z" duration-ms="14054" status="PASS">
          <reporter-output>
          </reporter-output>
        </test-method> <!-- createLeadAndVerifyLeadInformationTest -->
        <test-method is-config="true" signature="amConfig()[pri:0, instance:lead_Module.CreateLeadTest@2d778add]" started-at="2023-12-30T08:20:14Z" name="amConfig" finished-at="2023-12-30T08:20:16Z" duration-ms="2307" status="PASS">
          <reporter-output>
          </reporter-output>
        </test-method> <!-- amConfig -->
        <test-method is-config="true" signature="acConfig()[pri:0, instance:lead_Module.CreateLeadTest@2d778add]" started-at="2023-12-30T08:20:16Z" name="acConfig" finished-at="2023-12-30T08:20:17Z" duration-ms="528" status="PASS">
          <reporter-output>
          </reporter-output>
        </test-method> <!-- acConfig -->
      </class> <!-- lead_Module.CreateLeadTest -->
    </test> <!-- Test -->
  </suite> <!-- Suite -->
</testng-results>
