<?xml version="1.0" encoding="UTF-8"?>
<!-- Generated by org.testng.reporters.JUnitXMLReporter -->
<testsuite ignored="4" hostname="TYSS-Akash-Deb" failures="0" tests="3" name="Surefire test" time="35.811" errors="0" timestamp="23 Dec 2023 08:19:50 GMT">
  <testcase classname="demo_Module.DemoClassTest" name="demoTest" time="0.027"/>
  <testcase classname="lead_Module.CreateLeadTest" name="createLeadAndVerifyLeadInformationTest" time="5.862"/>
  <testcase classname="opportunity_Module.ToCreateOpportunityTest" name="ToCreateOpportunityWithOrganizationAndCampaignDetailsAndVerifyOpportunityTest" time="14.291"/>
  <testcase classname="genericUtility.BaseClass" name="@AfterSuite asConfig" time="0.0">
    <ignored/>
  </testcase> <!-- @AfterSuite asConfig -->
  <testcase classname="genericUtility.BaseClass" name="@AfterSuite asConfig" time="0.0">
    <ignored/>
  </testcase> <!-- @AfterSuite asConfig -->
  <testcase classname="genericUtility.BaseClass" name="@BeforeSuite bsConfig" time="0.0">
    <ignored/>
  </testcase> <!-- @BeforeSuite bsConfig -->
  <testcase classname="genericUtility.BaseClass" name="@BeforeSuite bsConfig" time="0.0">
    <ignored/>
  </testcase> <!-- @BeforeSuite bsConfig -->
</testsuite> <!-- Surefire test -->
