<?xml version="1.0" encoding="UTF-8"?>
<!-- Generated by org.testng.reporters.JUnitXMLReporter -->
<testsuite ignored="3" hostname="TYSS-Akash-Deb" failures="0" tests="1" name="Test" time="25.008" errors="0" timestamp="30 Dec 2023 08:20:17 GMT">
  <testcase classname="lead_Module.CreateLeadTest" name="createLeadAndVerifyLeadInformationTest" time="14.054"/>
  <testcase classname="opportunity_Module.ToCreateOpportunityTest" name="ToCreateOpportunityWithOrganizationAndCampaignDetailsAndVerifyOpportunityTest" time="0.0">
    <ignored/>
  </testcase> <!-- ToCreateOpportunityWithOrganizationAndCampaignDetailsAndVerifyOpportunityTest -->
  <testcase classname="genericUtility.BaseClass" name="@AfterSuite asConfig" time="0.0">
    <ignored/>
  </testcase> <!-- @AfterSuite asConfig -->
  <testcase classname="genericUtility.BaseClass" name="@BeforeSuite bsConfig" time="0.0">
    <ignored/>
  </testcase> <!-- @BeforeSuite bsConfig -->
</testsuite> <!-- Test -->
